Executing before-prepare hook from E:\Dev\winenjoy.app\hooks\before-prepare\nativescript-dev-typescript.js
Found peer TypeScript 2.0.0
node_modules/tns-core-modules/es6.d.ts(9,13): error TS2451: Cannot redeclare block-scoped variable 'Object'.

Project successfully prepared (android)
Transferring project files...
Successfully transferred all files.
Applying changes...
Successfully synced application com.winenjoy.app on device TA4750GSW7.
Executing before-watch hook from E:\Dev\winenjoy.app\hooks\before-watch\nativescript-dev-typescript.js
Found peer TypeScript 2.0.0
node_modules/tns-core-modules/es6.d.ts(9,13): error TS2451: Cannot redeclare block-scoped variable 'Object'.

node_modules/typescript/lib/lib.d.ts(94,11): error TS2451: Cannot redeclare block-scoped variable 'Object'.

node_modules/typescript/lib/lib.d.ts(235,15): error TS2451: Cannot redeclare block-scoped variable 'Object'.
16:43:52 - Compilation complete. Watching for file changes.

JS: ---- [main-page] STOP total: 1509ms count:1
JS: Binding: Binding error while setting property items of AutoComplete<flavors>@file:///app/views/taste-step/taste-step.xml:42:3;: Error: Expect integer value as a second argument.
JS: Binding: Binding error while setting property items of AutoComplete<flavorDefects>@file:///app/views/taste-step/taste-step.xml:54:3;: Error: Expect integer value as a second argument.
JS: Binding: Binding error while setting property items of AutoComplete<grapes>@file:///app/views/informations-step/informations-step.xml:99:3;: Error: Expect integer value as a second argument.
JS: ---- [load-steps] STOP total: 6151ms count:1
W/System.err( 1847): 	at com.tns.Runtime.callJSMethodNative(Native Method)
W/System.err( 1847): 	at com.tns.Runtime.dispatchCallJSMethodNative(Runtime.java:862)
W/System.err( 1847): 	at com.tns.Runtime.callJSMethodImpl(Runtime.java:727)
W/System.err( 1847): 	at com.tns.Runtime.callJSMethod(Runtime.java:713)
W/System.err( 1847): 	at com.tns.Runtime.callJSMethod(Runtime.java:694)
W/System.err( 1847): 	at com.tns.Runtime.callJSMethod(Runtime.java:684)
16:45:32 - File change detected. Starting incremental compilation...

node_modules/tns-core-modules/es6.d.ts(9,13): error TS2451: Cannot redeclare block-scoped variable 'Object'.

node_modules/typescript/lib/lib.d.ts(94,11): error TS2451: Cannot redeclare block-scoped variable 'Object'.
node_modules/typescript/lib/lib.d.ts(235,15): error TS2451: Cannot redeclare block-scoped variable 'Object'.
16:45:34 - Compilation complete. Watching for file changes.

Executing before-prepare hook from E:\Dev\winenjoy.app\hooks\before-prepare\nativescript-dev-typescript.js
Project successfully prepared (android)
Transferring project files...
Successfully transferred nose-step.js.
Applying changes...
Successfully synced application com.winenjoy.app on device TA4750GSW7.
JS: ---- [main-page] STOP total: 1630ms count:1
JS: Observable
JS: Binding: Binding error while setting property items of AutoComplete<flavors>@file:///app/views/taste-step/taste-step.xml:42:3;: Error: Expect integer value as a second argument.
JS: Binding: Binding error while setting property items of AutoComplete<flavorDefects>@file:///app/views/taste-step/taste-step.xml:54:3;: Error: Expect integer value as a second argument.
JS: Binding: Binding error while setting property items of AutoComplete<grapes>@file:///app/views/informations-step/informations-step.xml:99:3;: Error: Expect integer value as a second argument.
JS: ---- [load-steps] STOP total: 6140ms count:1
16:46:32 - File change detected. Starting incremental compilation...

node_modules/tns-core-modules/es6.d.ts(9,13): error TS2451: Cannot redeclare block-scoped variable 'Object'.

node_modules/typescript/lib/lib.d.ts(94,11): error TS2451: Cannot redeclare block-scoped variable 'Object'.
node_modules/typescript/lib/lib.d.ts(235,15): error TS2451: Cannot redeclare block-scoped variable 'Object'.
16:46:33 - Compilation complete. Watching for file changes.

Executing before-prepare hook from E:\Dev\winenjoy.app\hooks\before-prepare\nativescript-dev-typescript.js
Project successfully prepared (android)
Transferring project files...
Successfully transferred nose-step.js.
Applying changes...
Successfully synced application com.winenjoy.app on device TA4750GSW7.
JS: ---- [main-page] STOP total: 1527ms count:1
JS: Observable
JS: Binding: Binding error while setting property items of AutoComplete<flavors>@file:///app/views/taste-step/taste-step.xml:42:3;: Error: Expect integer value as a second argument.
JS: Binding: Binding error while setting property items of AutoComplete<flavorDefects>@file:///app/views/taste-step/taste-step.xml:54:3;: Error: Expect integer value as a second argument.
JS: Binding: Binding error while setting property items of AutoComplete<grapes>@file:///app/views/informations-step/informations-step.xml:99:3;: Error: Expect integer value as a second argument.
JS: ---- [load-steps] STOP total: 6163ms count:1
JS: NoseStepViewModel
16:49:02 - File change detected. Starting incremental compilation...

node_modules/tns-core-modules/es6.d.ts(9,13): error TS2451: Cannot redeclare block-scoped variable 'Object'.

node_modules/typescript/lib/lib.d.ts(94,11): error TS2451: Cannot redeclare block-scoped variable 'Object'.
node_modules/typescript/lib/lib.d.ts(235,15): error TS2451: Cannot redeclare block-scoped variable 'Object'.
16:49:03 - Compilation complete. Watching for file changes.

Executing before-prepare hook from E:\Dev\winenjoy.app\hooks\before-prepare\nativescript-dev-typescript.js
Project successfully prepared (android)
Transferring project files...
Successfully transferred nose-step.js.
Applying changes...
Successfully synced application com.winenjoy.app on device TA4750GSW7.
JS: ---- [main-page] STOP total: 1532ms count:1
JS: Binding: Binding error while setting property items of AutoComplete<flavors>@file:///app/views/taste-step/taste-step.xml:42:3;: Error: Expect integer value as a second argument.
JS: Binding: Binding error while setting property items of AutoComplete<flavorDefects>@file:///app/views/taste-step/taste-step.xml:54:3;: Error: Expect integer value as a second argument.
JS: Binding: Binding error while setting property items of AutoComplete<grapes>@file:///app/views/informations-step/informations-step.xml:99:3;: Error: Expect integer value as a second argument.
JS: ---- [load-steps] STOP total: 6117ms count:1
JS: Binding: Binding error while setting property items of ValuesSelector(53)@file:///app/views/nose-step/nose-step.xml:27:3;: TypeError: Cannot read property 'label' of undefined
16:49:54 - File change detected. Starting incremental compilation...

node_modules/tns-core-modules/es6.d.ts(9,13): error TS2451: Cannot redeclare block-scoped variable 'Object'.
node_modules/typescript/lib/lib.d.ts(94,11): error TS2451: Cannot redeclare block-scoped variable 'Object'.

node_modules/typescript/lib/lib.d.ts(235,15): error TS2451: Cannot redeclare block-scoped variable 'Object'.
16:49:55 - Compilation complete. Watching for file changes.

16:50:13 - File change detected. Starting incremental compilation...

node_modules/tns-core-modules/es6.d.ts(9,13): error TS2451: Cannot redeclare block-scoped variable 'Object'.

node_modules/typescript/lib/lib.d.ts(94,11): error TS2451: Cannot redeclare block-scoped variable 'Object'.
node_modules/typescript/lib/lib.d.ts(235,15): error TS2451: Cannot redeclare block-scoped variable 'Object'.
16:50:14 - Compilation complete. Watching for file changes.

Executing before-prepare hook from E:\Dev\winenjoy.app\hooks\before-prepare\nativescript-dev-typescript.js
Project successfully prepared (android)
Transferring project files...
Successfully transferred nose-step-view-model.js.
Applying changes...
Successfully synced application com.winenjoy.app on device TA4750GSW7.
JS: ---- [main-page] STOP total: 1523ms count:1
JS: Binding: Binding error while setting property items of AutoComplete<flavors>@file:///app/views/taste-step/taste-step.xml:42:3;: Error: Expect integer value as a second argument.
JS: Binding: Binding error while setting property items of AutoComplete<flavorDefects>@file:///app/views/taste-step/taste-step.xml:54:3;: Error: Expect integer value as a second argument.
JS: Binding: Binding error while setting property items of AutoComplete<grapes>@file:///app/views/informations-step/informations-step.xml:99:3;: Error: Expect integer value as a second argument.
JS: ---- [load-steps] STOP total: 6089ms count:1
JS: ,
JS: Binding: Binding error while setting property items of ValuesSelector(53)@file:///app/views/nose-step/nose-step.xml:27:3;: TypeError: Cannot read property 'label' of undefined
16:52:02 - File change detected. Starting incremental compilation...

node_modules/tns-core-modules/es6.d.ts(9,13): error TS2451: Cannot redeclare block-scoped variable 'Object'.

node_modules/typescript/lib/lib.d.ts(94,11): error TS2451: Cannot redeclare block-scoped variable 'Object'.
node_modules/typescript/lib/lib.d.ts(235,15): error TS2451: Cannot redeclare block-scoped variable 'Object'.
16:52:02 - Compilation complete. Watching for file changes.

Executing before-prepare hook from E:\Dev\winenjoy.app\hooks\before-prepare\nativescript-dev-typescript.js
Project successfully prepared (android)
Transferring project files...
Successfully transferred nose-step.js.
Applying changes...
Successfully synced application com.winenjoy.app on device TA4750GSW7.
JS: ---- [main-page] STOP total: 1539ms count:1
JS: Binding: Binding error while setting property items of AutoComplete<flavors>@file:///app/views/taste-step/taste-step.xml:42:3;: Error: Expect integer value as a second argument.
JS: Binding: Binding error while setting property items of AutoComplete<flavorDefects>@file:///app/views/taste-step/taste-step.xml:54:3;: Error: Expect integer value as a second argument.
I/art     (32265): Rejecting re-init on previously-failed class java.lang.Class<com.android.webview.chromium.ServiceWorkerControllerAdapter>
I/art     (32265): Rejecting re-init on previously-failed class java.lang.Class<com.android.webview.chromium.ServiceWorkerControllerAdapter>
I/art     (32265): Rejecting re-init on previously-failed class java.lang.Class<com.android.webview.chromium.TokenBindingManagerAdapter>
I/art     (32265): Rejecting re-init on previously-failed class java.lang.Class<com.android.webview.chromium.TokenBindingManagerAdapter>
JS: Binding: Binding error while setting property items of AutoComplete<grapes>@file:///app/views/informations-step/informations-step.xml:99:3;: Error: Expect integer value as a second argument.
JS: ---- [load-steps] STOP total: 6669ms count:1
JS: Observable,Observable
JS: Observable,Observable
JS: Observable,Observable
16:56:52 - File change detected. Starting incremental compilation...

node_modules/tns-core-modules/es6.d.ts(9,13): error TS2451: Cannot redeclare block-scoped variable 'Object'.

node_modules/typescript/lib/lib.d.ts(94,11): error TS2451: Cannot redeclare block-scoped variable 'Object'.
node_modules/typescript/lib/lib.d.ts(235,15): error TS2451: Cannot redeclare block-scoped variable 'Object'.
16:56:53 - Compilation complete. Watching for file changes.

Executing before-prepare hook from E:\Dev\winenjoy.app\hooks\before-prepare\nativescript-dev-typescript.js
Project successfully prepared (android)
Transferring project files...
Successfully transferred nose-step.js.
Applying changes...
Successfully synced application com.winenjoy.app on device TA4750GSW7.
JS: ---- [main-page] STOP total: 1525ms count:1
JS: Binding: Binding error while setting property items of AutoComplete<flavors>@file:///app/views/taste-step/taste-step.xml:42:3;: Error: Expect integer value as a second argument.
JS: Binding: Binding error while setting property items of AutoComplete<flavorDefects>@file:///app/views/taste-step/taste-step.xml:54:3;: Error: Expect integer value as a second argument.
JS: Binding: Binding error while setting property items of AutoComplete<grapes>@file:///app/views/informations-step/informations-step.xml:99:3;: Error: Expect integer value as a second argument.
JS: ---- [load-steps] STOP total: 6112ms count:1
16:57:51 - File change detected. Starting incremental compilation...

app/views/nose-step/nose-step.ts(24,27): error TS2339: Property 'setAromas' does not exist on type 'NoseStepViewModel'.

app/views/nose-step/nose-step.ts(26,27): error TS2339: Property 'setAromas' does not exist on type 'NoseStepViewModel'.
node_modules/tns-core-modules/es6.d.ts(9,13): error TS2451: Cannot redeclare block-scoped variable 'Object'.

node_modules/typescript/lib/lib.d.ts(94,11): error TS2451: Cannot redeclare block-scoped variable 'Object'.
node_modules/typescript/lib/lib.d.ts(235,15): error TS2451: Cannot redeclare block-scoped variable 'Object'.
16:57:52 - Compilation complete. Watching for file changes.

Executing before-prepare hook from E:\Dev\winenjoy.app\hooks\before-prepare\nativescript-dev-typescript.js
Project successfully prepared (android)
Transferring project files...
Successfully transferred nose-step-view-model.js.
Applying changes...
16:58:02 - File change detected. Starting incremental compilation...

Successfully synced application com.winenjoy.app on device TA4750GSW7.
app/views/nose-step/nose-step.ts(24,27): error TS2339: Property 'setAromas' does not exist on type 'NoseStepViewModel'.

app/views/nose-step/nose-step.ts(26,27): error TS2339: Property 'setAromas' does not exist on type 'NoseStepViewModel'.
node_modules/tns-core-modules/es6.d.ts(9,13): error TS2451: Cannot redeclare block-scoped variable 'Object'.
node_modules/typescript/lib/lib.d.ts(94,11): error TS2451: Cannot redeclare block-scoped variable 'Object'.
node_modules/typescript/lib/lib.d.ts(235,15): error TS2451: Cannot redeclare block-scoped variable 'Object'.

16:58:04 - Compilation complete. Watching for file changes.

JS: ---- [main-page] STOP total: 1540ms count:1
JS: Binding: Binding error while setting property items of AutoComplete<flavors>@file:///app/views/taste-step/taste-step.xml:42:3;: Error: Expect integer value as a second argument.
JS: Binding: Binding error while setting property items of AutoComplete<flavorDefects>@file:///app/views/taste-step/taste-step.xml:54:3;: Error: Expect integer value as a second argument.
JS: Binding: Binding error while setting property items of AutoComplete<grapes>@file:///app/views/informations-step/informations-step.xml:99:3;: Error: Expect integer value as a second argument.
JS: ---- [load-steps] STOP total: 6153ms count:1
16:58:20 - File change detected. Starting incremental compilation...

node_modules/tns-core-modules/es6.d.ts(9,13): error TS2451: Cannot redeclare block-scoped variable 'Object'.

node_modules/typescript/lib/lib.d.ts(94,11): error TS2451: Cannot redeclare block-scoped variable 'Object'.

node_modules/typescript/lib/lib.d.ts(235,15): error TS2451: Cannot redeclare block-scoped variable 'Object'.
16:58:21 - Compilation complete. Watching for file changes.

Executing before-prepare hook from E:\Dev\winenjoy.app\hooks\before-prepare\nativescript-dev-typescript.js
Project successfully prepared (android)
Transferring project files...
Successfully transferred nose-step.js.
Applying changes...
Successfully synced application com.winenjoy.app on device TA4750GSW7.
JS: ---- [main-page] STOP total: 1504ms count:1
JS: Binding: Binding error while setting property items of AutoComplete<flavors>@file:///app/views/taste-step/taste-step.xml:42:3;: Error: Expect integer value as a second argument.
JS: Binding: Binding error while setting property items of AutoComplete<flavorDefects>@file:///app/views/taste-step/taste-step.xml:54:3;: Error: Expect integer value as a second argument.
JS: Binding: Binding error while setting property items of AutoComplete<grapes>@file:///app/views/informations-step/informations-step.xml:99:3;: Error: Expect integer value as a second argument.
JS: ---- [load-steps] STOP total: 6180ms count:1
16:58:54 - File change detected. Starting incremental compilation...

node_modules/tns-core-modules/es6.d.ts(9,13): error TS2451: Cannot redeclare block-scoped variable 'Object'.

node_modules/typescript/lib/lib.d.ts(94,11): error TS2451: Cannot redeclare block-scoped variable 'Object'.
node_modules/typescript/lib/lib.d.ts(235,15): error TS2451: Cannot redeclare block-scoped variable 'Object'.
16:58:55 - Compilation complete. Watching for file changes.

Executing before-prepare hook from E:\Dev\winenjoy.app\hooks\before-prepare\nativescript-dev-typescript.js
Project successfully prepared (android)
Transferring project files...
Successfully transferred nose-step.js.
Applying changes...
Successfully synced application com.winenjoy.app on device TA4750GSW7.
JS: ---- [main-page] STOP total: 1546ms count:1
JS: Binding: Binding error while setting property items of AutoComplete<flavors>@file:///app/views/taste-step/taste-step.xml:42:3;: Error: Expect integer value as a second argument.
JS: Binding: Binding error while setting property items of AutoComplete<flavorDefects>@file:///app/views/taste-step/taste-step.xml:54:3;: Error: Expect integer value as a second argument.
JS: Binding: Binding error while setting property items of AutoComplete<grapes>@file:///app/views/informations-step/informations-step.xml:99:3;: Error: Expect integer value as a second argument.
JS: ---- [load-steps] STOP total: 6151ms count:1
17:00:32 - File change detected. Starting incremental compilation...

node_modules/tns-core-modules/es6.d.ts(9,13): error TS2451: Cannot redeclare block-scoped variable 'Object'.

node_modules/typescript/lib/lib.d.ts(94,11): error TS2451: Cannot redeclare block-scoped variable 'Object'.
node_modules/typescript/lib/lib.d.ts(235,15): error TS2451: Cannot redeclare block-scoped variable 'Object'.
17:00:34 - Compilation complete. Watching for file changes.

Executing before-prepare hook from E:\Dev\winenjoy.app\hooks\before-prepare\nativescript-dev-typescript.js
Project successfully prepared (android)
Transferring project files...
Successfully transferred nose-step.js.
Applying changes...
Successfully synced application com.winenjoy.app on device TA4750GSW7.
JS: ---- [main-page] STOP total: 1536ms count:1
JS: Binding: Binding error while setting property items of AutoComplete<flavors>@file:///app/views/taste-step/taste-step.xml:42:3;: Error: Expect integer value as a second argument.
JS: Binding: Binding error while setting property items of AutoComplete<flavorDefects>@file:///app/views/taste-step/taste-step.xml:54:3;: Error: Expect integer value as a second argument.
JS: Binding: Binding error while setting property items of AutoComplete<grapes>@file:///app/views/informations-step/informations-step.xml:99:3;: Error: Expect integer value as a second argument.
JS: ---- [load-steps] STOP total: 6241ms count:1
17:02:29 - File change detected. Starting incremental compilation...

node_modules/tns-core-modules/es6.d.ts(9,13): error TS2451: Cannot redeclare block-scoped variable 'Object'.

node_modules/typescript/lib/lib.d.ts(94,11): error TS2451: Cannot redeclare block-scoped variable 'Object'.
node_modules/typescript/lib/lib.d.ts(235,15): error TS2451: Cannot redeclare block-scoped variable 'Object'.
17:02:30 - Compilation complete. Watching for file changes.

Executing before-prepare hook from E:\Dev\winenjoy.app\hooks\before-prepare\nativescript-dev-typescript.js
Project successfully prepared (android)
Transferring project files...
Successfully transferred nose-step.js.
Applying changes...
Successfully synced application com.winenjoy.app on device TA4750GSW7.
JS: ---- [main-page] STOP total: 1517ms count:1
JS: Binding: Binding error while setting property items of AutoComplete<flavors>@file:///app/views/taste-step/taste-step.xml:42:3;: Error: Expect integer value as a second argument.
JS: Binding: Binding error while setting property items of AutoComplete<flavorDefects>@file:///app/views/taste-step/taste-step.xml:54:3;: Error: Expect integer value as a second argument.
JS: Binding: Binding error while setting property items of AutoComplete<grapes>@file:///app/views/informations-step/informations-step.xml:99:3;: Error: Expect integer value as a second argument.
JS: ---- [load-steps] STOP total: 6136ms count:1
